<?xml version="1.0" encoding="UTF-8"?>
<!-- Generated by org.testng.reporters.JUnitReportReporter -->
<testsuite hostname="INLEN8520054390" failures="0" tests="1" name="test15" time="0.010" errors="0" timestamp="2023-06-20T21:31:28 IST" skipped="0">
  <testcase classname="test15" name="method1" time="0.010"/>
  <system-out/>
</testsuite> <!-- test15 -->
