<?xml version="1.0" encoding="UTF-8"?>
<!-- Generated by org.testng.reporters.JUnitReportReporter -->
<testsuite hostname="INLEN8520054390" failures="0" tests="5" name="Demo.test20" time="0.008" errors="0" timestamp="2023-06-22T17:20:48 IST" skipped="0">
  <testcase classname="Demo.test20" name="test5" time="0.006"/>
  <system-out/>
  <testcase classname="Demo.test20" name="test4" time="0.001"/>
  <system-out/>
  <testcase classname="Demo.test20" name="test2" time="0.001"/>
  <system-out/>
  <testcase classname="Demo.test20" name="test3" time="0.000"/>
  <system-out/>
  <testcase classname="Demo.test20" name="test1" time="0.000"/>
  <system-out/>
</testsuite> <!-- Demo.test20 -->
