<?xml version="1.0" encoding="UTF-8"?>
<!-- Generated by org.testng.reporters.JUnitReportReporter -->
<testsuite hostname="INLEN8520054390" failures="0" tests="1" name="tset52" time="9.629" errors="0" timestamp="2023-07-05T11:09:47 IST" skipped="0">
  <testcase classname="tset52" name="DemoECpmmarce" time="9.629"/>
  <system-out/>
</testsuite> <!-- tset52 -->
