<?xml version="1.0" encoding="UTF-8"?>
<!-- Generated by org.testng.reporters.JUnitReportReporter -->
<testsuite hostname="INLEN8520054390" failures="0" tests="5" name="Demo.test30" time="0.009" errors="0" timestamp="2023-06-22T17:27:55 IST" skipped="0">
  <testcase classname="Demo.test30" name="e_method" time="0.007"/>
  <system-out/>
  <testcase classname="Demo.test30" name="d_method" time="0.001"/>
  <system-out/>
  <testcase classname="Demo.test30" name="c_method" time="0.000"/>
  <system-out/>
  <testcase classname="Demo.test30" name="a_method" time="0.000"/>
  <system-out/>
  <testcase classname="Demo.test30" name="b_method" time="0.001"/>
  <system-out/>
</testsuite> <!-- Demo.test30 -->
