<?xml version="1.0" encoding="UTF-8"?>
<!-- Generated by org.testng.reporters.JUnitReportReporter -->
<testsuite hostname="INLEN8520054390" failures="0" tests="1" name="sanketNale.AppiumBasic" time="2.639" errors="0" timestamp="2023-08-08T12:47:03 IST" skipped="0">
  <testcase classname="sanketNale.AppiumBasic" name="wifiSettingNames" time="2.639"/>
  <system-out/>
</testsuite> <!-- sanketNale.AppiumBasic -->
