<?xml version="1.0" encoding="UTF-8"?>
<!-- Generated by org.testng.reporters.JUnitReportReporter -->
<testsuite hostname="INLEN8520054390" failures="0" tests="1" name="HRM.Login_test" time="18.877" errors="0" timestamp="2023-05-23T15:42:51 IST" skipped="0">
  <testcase classname="HRM.Login_test" name="name" time="18.877"/>
  <system-out/>
</testsuite> <!-- HRM.Login_test -->
