<?xml version="1.0" encoding="UTF-8"?>
<!-- Generated by org.testng.reporters.JUnitReportReporter -->
<testsuite hostname="INLEN8520054390" failures="0" tests="1" name="test52" time="4.455" errors="0" timestamp="2023-07-04T17:52:47 IST" skipped="0">
  <testcase classname="test52" name="Register" time="4.455"/>
  <system-out/>
</testsuite> <!-- test52 -->
