<?xml version="1.0" encoding="UTF-8"?>
<!-- Generated by org.testng.reporters.JUnitReportReporter -->
<testsuite hostname="INLEN8520054390" failures="0" tests="2" name="test30" time="0.017" errors="0" timestamp="2023-06-25T19:11:36 IST" skipped="0">
  <testcase classname="test30" name="login" time="0.016"/>
  <system-out/>
  <testcase classname="test30" name="home" time="0.001"/>
  <system-out/>
</testsuite> <!-- test30 -->
